2025-05-07 00:33:44,220:WARNING:
'cuml' is a soft dependency and not included in the pycaret installation. Please run: `pip install cuml` to install.
2025-05-07 00:33:44,220:WARNING:
'cuml' is a soft dependency and not included in the pycaret installation. Please run: `pip install cuml` to install.
2025-05-07 00:33:44,220:WARNING:
'cuml' is a soft dependency and not included in the pycaret installation. Please run: `pip install cuml` to install.
2025-05-07 00:33:44,220:WARNING:
'cuml' is a soft dependency and not included in the pycaret installation. Please run: `pip install cuml` to install.
2025-05-07 00:34:03,252:INFO:PyCaret ClassificationExperiment
2025-05-07 00:34:03,252:INFO:Logging name: clf-default-name
2025-05-07 00:34:03,252:INFO:ML Usecase: MLUsecase.CLASSIFICATION
2025-05-07 00:34:03,252:INFO:version 3.3.2
2025-05-07 00:34:03,253:INFO:Initializing setup()
2025-05-07 00:34:03,253:INFO:self.USI: 52e8
2025-05-07 00:34:03,253:INFO:self._variable_keys: {'y_train', 'y_test', 'exp_name_log', 'exp_id', 'USI', 'fold_groups_param', 'n_jobs_param', 'X_test', 'X_train', 'logging_param', 'idx', 'y', 'html_param', 'seed', 'target_param', 'data', 'memory', 'is_multiclass', '_ml_usecase', '_available_plots', 'fold_shuffle_param', 'fold_generator', 'fix_imbalance', 'gpu_n_jobs_param', 'gpu_param', 'log_plots_param', 'pipeline', 'X'}
2025-05-07 00:34:03,253:INFO:Checking environment
2025-05-07 00:34:03,253:INFO:python_version: 3.10.16
2025-05-07 00:34:03,253:INFO:python_build: ('main', 'Dec 11 2024 10:22:29')
2025-05-07 00:34:03,253:INFO:machine: arm64
2025-05-07 00:34:03,253:INFO:platform: macOS-15.0.1-arm64-arm-64bit
2025-05-07 00:34:03,253:INFO:Memory: svmem(total=8589934592, available=1352269824, percent=84.3, used=2868183040, free=37044224, active=1325744128, inactive=1289879552, wired=1542438912)
2025-05-07 00:34:03,253:INFO:Physical Core: 8
2025-05-07 00:34:03,253:INFO:Logical Core: 8
2025-05-07 00:34:03,253:INFO:Checking libraries
2025-05-07 00:34:03,253:INFO:System:
2025-05-07 00:34:03,253:INFO:    python: 3.10.16 (main, Dec 11 2024, 10:22:29) [Clang 14.0.6 ]
2025-05-07 00:34:03,253:INFO:executable: /opt/anaconda3/envs/ml_env/bin/python
2025-05-07 00:34:03,253:INFO:   machine: macOS-15.0.1-arm64-arm-64bit
2025-05-07 00:34:03,253:INFO:PyCaret required dependencies:
2025-05-07 00:34:07,369:INFO:                 pip: 25.1
2025-05-07 00:34:07,369:INFO:          setuptools: 72.1.0
2025-05-07 00:34:07,370:INFO:             pycaret: 3.3.2
2025-05-07 00:34:07,370:INFO:             IPython: 8.30.0
2025-05-07 00:34:07,370:INFO:          ipywidgets: 8.1.5
2025-05-07 00:34:07,370:INFO:                tqdm: 4.67.1
2025-05-07 00:34:07,370:INFO:               numpy: 1.26.4
2025-05-07 00:34:07,370:INFO:              pandas: 2.1.4
2025-05-07 00:34:07,370:INFO:              jinja2: 3.1.6
2025-05-07 00:34:07,370:INFO:               scipy: 1.11.4
2025-05-07 00:34:07,370:INFO:              joblib: 1.3.2
2025-05-07 00:34:07,370:INFO:             sklearn: 1.4.2
2025-05-07 00:34:07,370:INFO:                pyod: 2.0.5
2025-05-07 00:34:07,370:INFO:            imblearn: 0.13.0
2025-05-07 00:34:07,370:INFO:   category_encoders: 2.7.0
2025-05-07 00:34:07,370:INFO:            lightgbm: 4.6.0
2025-05-07 00:34:07,370:INFO:               numba: 0.61.0
2025-05-07 00:34:07,370:INFO:            requests: 2.32.3
2025-05-07 00:34:07,370:INFO:          matplotlib: 3.7.5
2025-05-07 00:34:07,370:INFO:          scikitplot: 0.3.7
2025-05-07 00:34:07,370:INFO:         yellowbrick: 1.5
2025-05-07 00:34:07,370:INFO:              plotly: 5.24.1
2025-05-07 00:34:07,370:INFO:    plotly-resampler: Not installed
2025-05-07 00:34:07,370:INFO:             kaleido: 0.2.1
2025-05-07 00:34:07,370:INFO:           schemdraw: 0.15
2025-05-07 00:34:07,370:INFO:         statsmodels: 0.14.4
2025-05-07 00:34:07,370:INFO:              sktime: 0.26.0
2025-05-07 00:34:07,370:INFO:               tbats: 1.1.3
2025-05-07 00:34:07,370:INFO:            pmdarima: 2.0.4
2025-05-07 00:34:07,370:INFO:              psutil: 5.9.0
2025-05-07 00:34:07,370:INFO:          markupsafe: 3.0.2
2025-05-07 00:34:07,370:INFO:             pickle5: Not installed
2025-05-07 00:34:07,370:INFO:         cloudpickle: 3.1.1
2025-05-07 00:34:07,370:INFO:         deprecation: 2.1.0
2025-05-07 00:34:07,370:INFO:              xxhash: 3.5.0
2025-05-07 00:34:07,370:INFO:           wurlitzer: 3.1.1
2025-05-07 00:34:07,370:INFO:PyCaret optional dependencies:
2025-05-07 00:34:12,603:INFO:                shap: 0.44.1
2025-05-07 00:34:12,603:INFO:           interpret: 0.6.9
2025-05-07 00:34:12,603:INFO:                umap: 0.5.7
2025-05-07 00:34:12,603:INFO:     ydata_profiling: 4.16.1
2025-05-07 00:34:12,603:INFO:  explainerdashboard: 0.4.8
2025-05-07 00:34:12,603:INFO:             autoviz: Not installed
2025-05-07 00:34:12,603:INFO:           fairlearn: 0.7.0
2025-05-07 00:34:12,603:INFO:          deepchecks: Not installed
2025-05-07 00:34:12,603:INFO:             xgboost: 3.0.0
2025-05-07 00:34:12,603:INFO:            catboost: 1.1.1
2025-05-07 00:34:12,603:INFO:              kmodes: 0.12.2
2025-05-07 00:34:12,603:INFO:             mlxtend: 0.23.4
2025-05-07 00:34:12,603:INFO:       statsforecast: 1.5.0
2025-05-07 00:34:12,603:INFO:        tune_sklearn: 0.5.0
2025-05-07 00:34:12,603:INFO:                 ray: 2.45.0
2025-05-07 00:34:12,603:INFO:            hyperopt: 0.2.7
2025-05-07 00:34:12,603:INFO:              optuna: 4.3.0
2025-05-07 00:34:12,603:INFO:               skopt: 0.10.2
2025-05-07 00:34:12,603:INFO:              mlflow: 2.22.0
2025-05-07 00:34:12,603:INFO:              gradio: 5.29.0
2025-05-07 00:34:12,603:INFO:             fastapi: 0.115.12
2025-05-07 00:34:12,603:INFO:             uvicorn: 0.34.2
2025-05-07 00:34:12,603:INFO:              m2cgen: 0.10.0
2025-05-07 00:34:12,603:INFO:           evidently: 0.4.40
2025-05-07 00:34:12,603:INFO:               fugue: 0.8.7
2025-05-07 00:34:12,603:INFO:           streamlit: Not installed
2025-05-07 00:34:12,604:INFO:             prophet: Not installed
2025-05-07 00:34:12,604:INFO:None
2025-05-07 00:34:12,604:INFO:Set up data.
2025-05-07 00:34:12,629:INFO:Set up folding strategy.
2025-05-07 00:34:12,629:INFO:Set up train/test split.
2025-05-07 00:34:12,639:INFO:Set up index.
2025-05-07 00:34:12,639:INFO:Assigning column types.
2025-05-07 00:34:12,645:INFO:Engine successfully changes for model 'lr' to 'sklearn'.
2025-05-07 00:34:12,674:INFO:Engine for model 'knn' has not been set explicitly, hence returning None.
2025-05-07 00:34:12,676:INFO:Engine for model 'rbfsvm' has not been set explicitly, hence returning None.
2025-05-07 00:34:12,700:INFO:Soft dependency imported: xgboost: 3.0.0
2025-05-07 00:34:12,702:INFO:Soft dependency imported: catboost: 1.1.1
2025-05-07 00:34:13,845:INFO:Engine for model 'knn' has not been set explicitly, hence returning None.
2025-05-07 00:34:13,845:INFO:Engine for model 'rbfsvm' has not been set explicitly, hence returning None.
2025-05-07 00:34:13,863:INFO:Soft dependency imported: xgboost: 3.0.0
2025-05-07 00:34:13,865:INFO:Soft dependency imported: catboost: 1.1.1
2025-05-07 00:34:13,865:INFO:Engine successfully changes for model 'knn' to 'sklearn'.
2025-05-07 00:34:13,895:INFO:Engine for model 'rbfsvm' has not been set explicitly, hence returning None.
2025-05-07 00:34:13,913:INFO:Soft dependency imported: xgboost: 3.0.0
2025-05-07 00:34:13,914:INFO:Soft dependency imported: catboost: 1.1.1
2025-05-07 00:34:13,944:INFO:Engine for model 'rbfsvm' has not been set explicitly, hence returning None.
2025-05-07 00:34:13,962:INFO:Soft dependency imported: xgboost: 3.0.0
2025-05-07 00:34:13,964:INFO:Soft dependency imported: catboost: 1.1.1
2025-05-07 00:34:13,964:INFO:Engine successfully changes for model 'rbfsvm' to 'sklearn'.
2025-05-07 00:34:14,011:INFO:Soft dependency imported: xgboost: 3.0.0
2025-05-07 00:34:14,013:INFO:Soft dependency imported: catboost: 1.1.1
2025-05-07 00:34:14,061:INFO:Soft dependency imported: xgboost: 3.0.0
2025-05-07 00:34:14,062:INFO:Soft dependency imported: catboost: 1.1.1
2025-05-07 00:34:14,064:INFO:Preparing preprocessing pipeline...
2025-05-07 00:34:14,065:INFO:Set up simple imputation.
2025-05-07 00:34:14,066:INFO:Set up column name cleaning.
2025-05-07 00:34:14,080:INFO:Finished creating preprocessing pipeline.
2025-05-07 00:34:14,083:INFO:Pipeline: Pipeline(memory=FastMemory(location=/var/folders/ty/th__2_pn1js9hzn2y7l830wr0000gn/T/joblib),
         steps=[('numerical_imputer',
                 TransformerWrapper(exclude=None,
                                    include=['Number of times pregnant',
                                             'Plasma glucose concentration a 2 '
                                             'hours in an oral glucose '
                                             'tolerance test',
                                             'Diastolic blood pressure (mm Hg)',
                                             'Triceps skin fold thickness (mm)',
                                             '2-Hour serum insulin (mu U/ml)',
                                             'Body...
                ('categorical_imputer',
                 TransformerWrapper(exclude=None, include=[],
                                    transformer=SimpleImputer(add_indicator=False,
                                                              copy=True,
                                                              fill_value=None,
                                                              keep_empty_features=False,
                                                              missing_values=nan,
                                                              strategy='most_frequent'))),
                ('clean_column_names',
                 TransformerWrapper(exclude=None, include=None,
                                    transformer=CleanColumnNames(match='[\\]\\[\\,\\{\\}\\"\\:]+')))],
         verbose=False)
2025-05-07 00:34:14,083:INFO:Creating final display dataframe.
2025-05-07 00:34:14,124:INFO:Setup _display_container:                     Description             Value
0                    Session id               123
1                        Target    Class variable
2                   Target type            Binary
3           Original data shape          (768, 9)
4        Transformed data shape          (768, 9)
5   Transformed train set shape          (537, 9)
6    Transformed test set shape          (231, 9)
7              Numeric features                 8
8                    Preprocess              True
9               Imputation type            simple
10           Numeric imputation              mean
11       Categorical imputation              mode
12               Fold Generator   StratifiedKFold
13                  Fold Number                10
14                     CPU Jobs                -1
15                      Use GPU             False
16               Log Experiment             False
17              Experiment Name  clf-default-name
18                          USI              52e8
2025-05-07 00:34:14,178:INFO:Soft dependency imported: xgboost: 3.0.0
2025-05-07 00:34:14,180:INFO:Soft dependency imported: catboost: 1.1.1
2025-05-07 00:34:14,233:INFO:Soft dependency imported: xgboost: 3.0.0
2025-05-07 00:34:14,235:INFO:Soft dependency imported: catboost: 1.1.1
2025-05-07 00:34:14,236:INFO:setup() successfully completed in 10.99s...............
2025-05-07 00:34:14,244:INFO:Initializing compare_models()
2025-05-07 00:34:14,244:INFO:compare_models(self=<pycaret.classification.oop.ClassificationExperiment object at 0x108570b20>, include=None, fold=None, round=4, cross_validation=True, sort=Accuracy, n_select=1, budget_time=None, turbo=True, errors=ignore, fit_kwargs=None, groups=None, experiment_custom_tags=None, probability_threshold=None, verbose=True, parallel=None, caller_params={'self': <pycaret.classification.oop.ClassificationExperiment object at 0x108570b20>, 'include': None, 'exclude': None, 'fold': None, 'round': 4, 'cross_validation': True, 'sort': 'Accuracy', 'n_select': 1, 'budget_time': None, 'turbo': True, 'errors': 'ignore', 'fit_kwargs': None, 'groups': None, 'experiment_custom_tags': None, 'probability_threshold': None, 'engine': None, 'verbose': True, 'parallel': None, '__class__': <class 'pycaret.classification.oop.ClassificationExperiment'>}, exclude=None)
2025-05-07 00:34:14,245:INFO:Checking exceptions
2025-05-07 00:34:14,250:INFO:Preparing display monitor
2025-05-07 00:34:14,475:INFO:Initializing Logistic Regression
2025-05-07 00:34:14,475:INFO:Total runtime is 3.564357757568359e-06 minutes
2025-05-07 00:34:14,477:INFO:SubProcess create_model() called ==================================
2025-05-07 00:34:14,478:INFO:Initializing create_model()
2025-05-07 00:34:14,478:INFO:create_model(self=<pycaret.classification.oop.ClassificationExperiment object at 0x108570b20>, estimator=lr, fold=StratifiedKFold(n_splits=10, random_state=None, shuffle=False), round=4, cross_validation=True, predict=True, fit_kwargs={}, groups=None, refit=False, probability_threshold=None, experiment_custom_tags=None, verbose=False, system=False, add_to_model_list=True, metrics=None, display=<pycaret.internal.display.display.CommonDisplay object at 0x1397c8fd0>, model_only=True, return_train_score=False, error_score=0.0, kwargs={})
2025-05-07 00:34:14,478:INFO:Checking exceptions
2025-05-07 00:34:14,478:INFO:Importing libraries
2025-05-07 00:34:14,478:INFO:Copying training dataset
2025-05-07 00:34:14,482:INFO:Defining folds
2025-05-07 00:34:14,482:INFO:Declaring metric variables
2025-05-07 00:34:14,484:INFO:Importing untrained model
2025-05-07 00:34:14,486:INFO:Logistic Regression Imported successfully
2025-05-07 00:34:14,490:INFO:Starting cross validation
2025-05-07 00:34:14,491:INFO:Cross validating with StratifiedKFold(n_splits=10, random_state=None, shuffle=False), n_jobs=-1
2025-05-07 00:34:22,609:INFO:Calculating mean and std
2025-05-07 00:34:22,615:INFO:Creating metrics dataframe
2025-05-07 00:34:22,621:INFO:Uploading results into container
2025-05-07 00:34:22,622:INFO:Uploading model into container now
2025-05-07 00:34:22,623:INFO:_master_model_container: 1
2025-05-07 00:34:22,623:INFO:_display_container: 2
2025-05-07 00:34:22,624:INFO:LogisticRegression(C=1.0, class_weight=None, dual=False, fit_intercept=True,
                   intercept_scaling=1, l1_ratio=None, max_iter=1000,
                   multi_class='auto', n_jobs=None, penalty='l2',
                   random_state=123, solver='lbfgs', tol=0.0001, verbose=0,
                   warm_start=False)
2025-05-07 00:34:22,625:INFO:create_model() successfully completed......................................
2025-05-07 00:34:22,834:INFO:SubProcess create_model() end ==================================
2025-05-07 00:34:22,834:INFO:Creating metrics dataframe
2025-05-07 00:34:22,838:INFO:Initializing K Neighbors Classifier
2025-05-07 00:34:22,838:INFO:Total runtime is 0.13939658006032307 minutes
2025-05-07 00:34:22,841:INFO:SubProcess create_model() called ==================================
2025-05-07 00:34:22,841:INFO:Initializing create_model()
2025-05-07 00:34:22,841:INFO:create_model(self=<pycaret.classification.oop.ClassificationExperiment object at 0x108570b20>, estimator=knn, fold=StratifiedKFold(n_splits=10, random_state=None, shuffle=False), round=4, cross_validation=True, predict=True, fit_kwargs={}, groups=None, refit=False, probability_threshold=None, experiment_custom_tags=None, verbose=False, system=False, add_to_model_list=True, metrics=None, display=<pycaret.internal.display.display.CommonDisplay object at 0x1397c8fd0>, model_only=True, return_train_score=False, error_score=0.0, kwargs={})
2025-05-07 00:34:22,842:INFO:Checking exceptions
2025-05-07 00:34:22,842:INFO:Importing libraries
2025-05-07 00:34:22,842:INFO:Copying training dataset
2025-05-07 00:34:22,844:INFO:Defining folds
2025-05-07 00:34:22,845:INFO:Declaring metric variables
2025-05-07 00:34:22,847:INFO:Importing untrained model
2025-05-07 00:34:22,849:INFO:K Neighbors Classifier Imported successfully
2025-05-07 00:34:22,853:INFO:Starting cross validation
2025-05-07 00:34:22,854:INFO:Cross validating with StratifiedKFold(n_splits=10, random_state=None, shuffle=False), n_jobs=-1
2025-05-07 00:34:22,994:INFO:Calculating mean and std
2025-05-07 00:34:22,994:INFO:Creating metrics dataframe
2025-05-07 00:34:22,996:INFO:Uploading results into container
2025-05-07 00:34:22,996:INFO:Uploading model into container now
2025-05-07 00:34:22,996:INFO:_master_model_container: 2
2025-05-07 00:34:22,997:INFO:_display_container: 2
2025-05-07 00:34:22,997:INFO:KNeighborsClassifier(algorithm='auto', leaf_size=30, metric='minkowski',
                     metric_params=None, n_jobs=-1, n_neighbors=5, p=2,
                     weights='uniform')
2025-05-07 00:34:22,998:INFO:create_model() successfully completed......................................
2025-05-07 00:34:23,095:INFO:SubProcess create_model() end ==================================
2025-05-07 00:34:23,095:INFO:Creating metrics dataframe
2025-05-07 00:34:23,099:INFO:Initializing Naive Bayes
2025-05-07 00:34:23,099:INFO:Total runtime is 0.14374331633249918 minutes
2025-05-07 00:34:23,101:INFO:SubProcess create_model() called ==================================
2025-05-07 00:34:23,101:INFO:Initializing create_model()
2025-05-07 00:34:23,102:INFO:create_model(self=<pycaret.classification.oop.ClassificationExperiment object at 0x108570b20>, estimator=nb, fold=StratifiedKFold(n_splits=10, random_state=None, shuffle=False), round=4, cross_validation=True, predict=True, fit_kwargs={}, groups=None, refit=False, probability_threshold=None, experiment_custom_tags=None, verbose=False, system=False, add_to_model_list=True, metrics=None, display=<pycaret.internal.display.display.CommonDisplay object at 0x1397c8fd0>, model_only=True, return_train_score=False, error_score=0.0, kwargs={})
2025-05-07 00:34:23,102:INFO:Checking exceptions
2025-05-07 00:34:23,102:INFO:Importing libraries
2025-05-07 00:34:23,102:INFO:Copying training dataset
2025-05-07 00:34:23,105:INFO:Defining folds
2025-05-07 00:34:23,105:INFO:Declaring metric variables
2025-05-07 00:34:23,107:INFO:Importing untrained model
2025-05-07 00:34:23,109:INFO:Naive Bayes Imported successfully
2025-05-07 00:34:23,113:INFO:Starting cross validation
2025-05-07 00:34:23,114:INFO:Cross validating with StratifiedKFold(n_splits=10, random_state=None, shuffle=False), n_jobs=-1
2025-05-07 00:34:23,171:INFO:Calculating mean and std
2025-05-07 00:34:23,171:INFO:Creating metrics dataframe
2025-05-07 00:34:23,172:INFO:Uploading results into container
2025-05-07 00:34:23,172:INFO:Uploading model into container now
2025-05-07 00:34:23,173:INFO:_master_model_container: 3
2025-05-07 00:34:23,173:INFO:_display_container: 2
2025-05-07 00:34:23,173:INFO:GaussianNB(priors=None, var_smoothing=1e-09)
2025-05-07 00:34:23,173:INFO:create_model() successfully completed......................................
2025-05-07 00:34:23,269:INFO:SubProcess create_model() end ==================================
2025-05-07 00:34:23,269:INFO:Creating metrics dataframe
2025-05-07 00:34:23,274:INFO:Initializing Decision Tree Classifier
2025-05-07 00:34:23,274:INFO:Total runtime is 0.1466496467590332 minutes
2025-05-07 00:34:23,276:INFO:SubProcess create_model() called ==================================
2025-05-07 00:34:23,277:INFO:Initializing create_model()
2025-05-07 00:34:23,277:INFO:create_model(self=<pycaret.classification.oop.ClassificationExperiment object at 0x108570b20>, estimator=dt, fold=StratifiedKFold(n_splits=10, random_state=None, shuffle=False), round=4, cross_validation=True, predict=True, fit_kwargs={}, groups=None, refit=False, probability_threshold=None, experiment_custom_tags=None, verbose=False, system=False, add_to_model_list=True, metrics=None, display=<pycaret.internal.display.display.CommonDisplay object at 0x1397c8fd0>, model_only=True, return_train_score=False, error_score=0.0, kwargs={})
2025-05-07 00:34:23,277:INFO:Checking exceptions
2025-05-07 00:34:23,277:INFO:Importing libraries
2025-05-07 00:34:23,277:INFO:Copying training dataset
2025-05-07 00:34:23,280:INFO:Defining folds
2025-05-07 00:34:23,280:INFO:Declaring metric variables
2025-05-07 00:34:23,282:INFO:Importing untrained model
2025-05-07 00:34:23,284:INFO:Decision Tree Classifier Imported successfully
2025-05-07 00:34:23,288:INFO:Starting cross validation
2025-05-07 00:34:23,289:INFO:Cross validating with StratifiedKFold(n_splits=10, random_state=None, shuffle=False), n_jobs=-1
2025-05-07 00:34:23,358:INFO:Calculating mean and std
2025-05-07 00:34:23,358:INFO:Creating metrics dataframe
2025-05-07 00:34:23,359:INFO:Uploading results into container
2025-05-07 00:34:23,359:INFO:Uploading model into container now
2025-05-07 00:34:23,360:INFO:_master_model_container: 4
2025-05-07 00:34:23,360:INFO:_display_container: 2
2025-05-07 00:34:23,360:INFO:DecisionTreeClassifier(ccp_alpha=0.0, class_weight=None, criterion='gini',
                       max_depth=None, max_features=None, max_leaf_nodes=None,
                       min_impurity_decrease=0.0, min_samples_leaf=1,
                       min_samples_split=2, min_weight_fraction_leaf=0.0,
                       monotonic_cst=None, random_state=123, splitter='best')
2025-05-07 00:34:23,360:INFO:create_model() successfully completed......................................
2025-05-07 00:34:23,456:INFO:SubProcess create_model() end ==================================
2025-05-07 00:34:23,456:INFO:Creating metrics dataframe
2025-05-07 00:34:23,461:INFO:Initializing SVM - Linear Kernel
2025-05-07 00:34:23,461:INFO:Total runtime is 0.14977476596832273 minutes
2025-05-07 00:34:23,463:INFO:SubProcess create_model() called ==================================
2025-05-07 00:34:23,464:INFO:Initializing create_model()
2025-05-07 00:34:23,464:INFO:create_model(self=<pycaret.classification.oop.ClassificationExperiment object at 0x108570b20>, estimator=svm, fold=StratifiedKFold(n_splits=10, random_state=None, shuffle=False), round=4, cross_validation=True, predict=True, fit_kwargs={}, groups=None, refit=False, probability_threshold=None, experiment_custom_tags=None, verbose=False, system=False, add_to_model_list=True, metrics=None, display=<pycaret.internal.display.display.CommonDisplay object at 0x1397c8fd0>, model_only=True, return_train_score=False, error_score=0.0, kwargs={})
2025-05-07 00:34:23,464:INFO:Checking exceptions
2025-05-07 00:34:23,464:INFO:Importing libraries
2025-05-07 00:34:23,464:INFO:Copying training dataset
2025-05-07 00:34:23,467:INFO:Defining folds
2025-05-07 00:34:23,467:INFO:Declaring metric variables
2025-05-07 00:34:23,469:INFO:Importing untrained model
2025-05-07 00:34:23,471:INFO:SVM - Linear Kernel Imported successfully
2025-05-07 00:34:23,475:INFO:Starting cross validation
2025-05-07 00:34:23,476:INFO:Cross validating with StratifiedKFold(n_splits=10, random_state=None, shuffle=False), n_jobs=-1
2025-05-07 00:34:23,520:WARNING:/opt/anaconda3/envs/ml_env/lib/python3.10/site-packages/sklearn/metrics/_classification.py:1509: UndefinedMetricWarning: Precision is ill-defined and being set to 0.0 due to no predicted samples. Use `zero_division` parameter to control this behavior.
  _warn_prf(average, modifier, f"{metric.capitalize()} is", len(result))

2025-05-07 00:34:23,529:WARNING:/opt/anaconda3/envs/ml_env/lib/python3.10/site-packages/sklearn/metrics/_classification.py:1509: UndefinedMetricWarning: Precision is ill-defined and being set to 0.0 due to no predicted samples. Use `zero_division` parameter to control this behavior.
  _warn_prf(average, modifier, f"{metric.capitalize()} is", len(result))

2025-05-07 00:34:23,546:INFO:Calculating mean and std
2025-05-07 00:34:23,547:INFO:Creating metrics dataframe
2025-05-07 00:34:23,548:INFO:Uploading results into container
2025-05-07 00:34:23,548:INFO:Uploading model into container now
2025-05-07 00:34:23,548:INFO:_master_model_container: 5
2025-05-07 00:34:23,548:INFO:_display_container: 2
2025-05-07 00:34:23,549:INFO:SGDClassifier(alpha=0.0001, average=False, class_weight=None,
              early_stopping=False, epsilon=0.1, eta0=0.001, fit_intercept=True,
              l1_ratio=0.15, learning_rate='optimal', loss='hinge',
              max_iter=1000, n_iter_no_change=5, n_jobs=-1, penalty='l2',
              power_t=0.5, random_state=123, shuffle=True, tol=0.001,
              validation_fraction=0.1, verbose=0, warm_start=False)
2025-05-07 00:34:23,549:INFO:create_model() successfully completed......................................
2025-05-07 00:34:23,644:INFO:SubProcess create_model() end ==================================
2025-05-07 00:34:23,645:INFO:Creating metrics dataframe
2025-05-07 00:34:23,650:INFO:Initializing Ridge Classifier
2025-05-07 00:34:23,650:INFO:Total runtime is 0.15291621287663776 minutes
2025-05-07 00:34:23,651:INFO:SubProcess create_model() called ==================================
2025-05-07 00:34:23,652:INFO:Initializing create_model()
2025-05-07 00:34:23,652:INFO:create_model(self=<pycaret.classification.oop.ClassificationExperiment object at 0x108570b20>, estimator=ridge, fold=StratifiedKFold(n_splits=10, random_state=None, shuffle=False), round=4, cross_validation=True, predict=True, fit_kwargs={}, groups=None, refit=False, probability_threshold=None, experiment_custom_tags=None, verbose=False, system=False, add_to_model_list=True, metrics=None, display=<pycaret.internal.display.display.CommonDisplay object at 0x1397c8fd0>, model_only=True, return_train_score=False, error_score=0.0, kwargs={})
2025-05-07 00:34:23,652:INFO:Checking exceptions
2025-05-07 00:34:23,652:INFO:Importing libraries
2025-05-07 00:34:23,652:INFO:Copying training dataset
2025-05-07 00:34:23,655:INFO:Defining folds
2025-05-07 00:34:23,656:INFO:Declaring metric variables
2025-05-07 00:34:23,657:INFO:Importing untrained model
2025-05-07 00:34:23,660:INFO:Ridge Classifier Imported successfully
2025-05-07 00:34:23,664:INFO:Starting cross validation
2025-05-07 00:34:23,665:INFO:Cross validating with StratifiedKFold(n_splits=10, random_state=None, shuffle=False), n_jobs=-1
2025-05-07 00:34:23,723:INFO:Calculating mean and std
2025-05-07 00:34:23,723:INFO:Creating metrics dataframe
2025-05-07 00:34:23,724:INFO:Uploading results into container
2025-05-07 00:34:23,724:INFO:Uploading model into container now
2025-05-07 00:34:23,725:INFO:_master_model_container: 6
2025-05-07 00:34:23,725:INFO:_display_container: 2
2025-05-07 00:34:23,725:INFO:RidgeClassifier(alpha=1.0, class_weight=None, copy_X=True, fit_intercept=True,
                max_iter=None, positive=False, random_state=123, solver='auto',
                tol=0.0001)
2025-05-07 00:34:23,725:INFO:create_model() successfully completed......................................
2025-05-07 00:34:23,821:INFO:SubProcess create_model() end ==================================
2025-05-07 00:34:23,821:INFO:Creating metrics dataframe
2025-05-07 00:34:23,826:INFO:Initializing Random Forest Classifier
2025-05-07 00:34:23,826:INFO:Total runtime is 0.15585596561431883 minutes
2025-05-07 00:34:23,828:INFO:SubProcess create_model() called ==================================
2025-05-07 00:34:23,828:INFO:Initializing create_model()
2025-05-07 00:34:23,828:INFO:create_model(self=<pycaret.classification.oop.ClassificationExperiment object at 0x108570b20>, estimator=rf, fold=StratifiedKFold(n_splits=10, random_state=None, shuffle=False), round=4, cross_validation=True, predict=True, fit_kwargs={}, groups=None, refit=False, probability_threshold=None, experiment_custom_tags=None, verbose=False, system=False, add_to_model_list=True, metrics=None, display=<pycaret.internal.display.display.CommonDisplay object at 0x1397c8fd0>, model_only=True, return_train_score=False, error_score=0.0, kwargs={})
2025-05-07 00:34:23,829:INFO:Checking exceptions
2025-05-07 00:34:23,829:INFO:Importing libraries
2025-05-07 00:34:23,829:INFO:Copying training dataset
2025-05-07 00:34:23,832:INFO:Defining folds
2025-05-07 00:34:23,832:INFO:Declaring metric variables
2025-05-07 00:34:23,834:INFO:Importing untrained model
2025-05-07 00:34:23,836:INFO:Random Forest Classifier Imported successfully
2025-05-07 00:34:23,840:INFO:Starting cross validation
2025-05-07 00:34:23,841:INFO:Cross validating with StratifiedKFold(n_splits=10, random_state=None, shuffle=False), n_jobs=-1
2025-05-07 00:34:24,370:INFO:Calculating mean and std
2025-05-07 00:34:24,371:INFO:Creating metrics dataframe
2025-05-07 00:34:24,374:INFO:Uploading results into container
2025-05-07 00:34:24,374:INFO:Uploading model into container now
2025-05-07 00:34:24,375:INFO:_master_model_container: 7
2025-05-07 00:34:24,375:INFO:_display_container: 2
2025-05-07 00:34:24,375:INFO:RandomForestClassifier(bootstrap=True, ccp_alpha=0.0, class_weight=None,
                       criterion='gini', max_depth=None, max_features='sqrt',
                       max_leaf_nodes=None, max_samples=None,
                       min_impurity_decrease=0.0, min_samples_leaf=1,
                       min_samples_split=2, min_weight_fraction_leaf=0.0,
                       monotonic_cst=None, n_estimators=100, n_jobs=-1,
                       oob_score=False, random_state=123, verbose=0,
                       warm_start=False)
2025-05-07 00:34:24,375:INFO:create_model() successfully completed......................................
2025-05-07 00:34:24,477:INFO:SubProcess create_model() end ==================================
2025-05-07 00:34:24,478:INFO:Creating metrics dataframe
2025-05-07 00:34:24,483:INFO:Initializing Quadratic Discriminant Analysis
2025-05-07 00:34:24,483:INFO:Total runtime is 0.1668059468269348 minutes
2025-05-07 00:34:24,485:INFO:SubProcess create_model() called ==================================
2025-05-07 00:34:24,486:INFO:Initializing create_model()
2025-05-07 00:34:24,486:INFO:create_model(self=<pycaret.classification.oop.ClassificationExperiment object at 0x108570b20>, estimator=qda, fold=StratifiedKFold(n_splits=10, random_state=None, shuffle=False), round=4, cross_validation=True, predict=True, fit_kwargs={}, groups=None, refit=False, probability_threshold=None, experiment_custom_tags=None, verbose=False, system=False, add_to_model_list=True, metrics=None, display=<pycaret.internal.display.display.CommonDisplay object at 0x1397c8fd0>, model_only=True, return_train_score=False, error_score=0.0, kwargs={})
2025-05-07 00:34:24,486:INFO:Checking exceptions
2025-05-07 00:34:24,486:INFO:Importing libraries
2025-05-07 00:34:24,486:INFO:Copying training dataset
2025-05-07 00:34:24,488:INFO:Defining folds
2025-05-07 00:34:24,488:INFO:Declaring metric variables
2025-05-07 00:34:24,490:INFO:Importing untrained model
2025-05-07 00:34:24,492:INFO:Quadratic Discriminant Analysis Imported successfully
2025-05-07 00:34:24,497:INFO:Starting cross validation
2025-05-07 00:34:24,498:INFO:Cross validating with StratifiedKFold(n_splits=10, random_state=None, shuffle=False), n_jobs=-1
2025-05-07 00:34:24,566:INFO:Calculating mean and std
2025-05-07 00:34:24,566:INFO:Creating metrics dataframe
2025-05-07 00:34:24,567:INFO:Uploading results into container
2025-05-07 00:34:24,568:INFO:Uploading model into container now
2025-05-07 00:34:24,568:INFO:_master_model_container: 8
2025-05-07 00:34:24,568:INFO:_display_container: 2
2025-05-07 00:34:24,568:INFO:QuadraticDiscriminantAnalysis(priors=None, reg_param=0.0,
                              store_covariance=False, tol=0.0001)
2025-05-07 00:34:24,568:INFO:create_model() successfully completed......................................
2025-05-07 00:34:24,660:INFO:SubProcess create_model() end ==================================
2025-05-07 00:34:24,660:INFO:Creating metrics dataframe
2025-05-07 00:34:24,666:INFO:Initializing Ada Boost Classifier
2025-05-07 00:34:24,666:INFO:Total runtime is 0.16985339721043904 minutes
2025-05-07 00:34:24,668:INFO:SubProcess create_model() called ==================================
2025-05-07 00:34:24,668:INFO:Initializing create_model()
2025-05-07 00:34:24,668:INFO:create_model(self=<pycaret.classification.oop.ClassificationExperiment object at 0x108570b20>, estimator=ada, fold=StratifiedKFold(n_splits=10, random_state=None, shuffle=False), round=4, cross_validation=True, predict=True, fit_kwargs={}, groups=None, refit=False, probability_threshold=None, experiment_custom_tags=None, verbose=False, system=False, add_to_model_list=True, metrics=None, display=<pycaret.internal.display.display.CommonDisplay object at 0x1397c8fd0>, model_only=True, return_train_score=False, error_score=0.0, kwargs={})
2025-05-07 00:34:24,668:INFO:Checking exceptions
2025-05-07 00:34:24,669:INFO:Importing libraries
2025-05-07 00:34:24,669:INFO:Copying training dataset
2025-05-07 00:34:24,671:INFO:Defining folds
2025-05-07 00:34:24,671:INFO:Declaring metric variables
2025-05-07 00:34:24,673:INFO:Importing untrained model
2025-05-07 00:34:24,676:INFO:Ada Boost Classifier Imported successfully
2025-05-07 00:34:24,680:INFO:Starting cross validation
2025-05-07 00:34:24,681:INFO:Cross validating with StratifiedKFold(n_splits=10, random_state=None, shuffle=False), n_jobs=-1
2025-05-07 00:34:24,697:WARNING:/opt/anaconda3/envs/ml_env/lib/python3.10/site-packages/sklearn/ensemble/_weight_boosting.py:519: FutureWarning: The SAMME.R algorithm (the default) is deprecated and will be removed in 1.6. Use the SAMME algorithm to circumvent this warning.
  warnings.warn(

2025-05-07 00:34:24,699:WARNING:/opt/anaconda3/envs/ml_env/lib/python3.10/site-packages/sklearn/ensemble/_weight_boosting.py:519: FutureWarning: The SAMME.R algorithm (the default) is deprecated and will be removed in 1.6. Use the SAMME algorithm to circumvent this warning.
  warnings.warn(

2025-05-07 00:34:24,701:WARNING:/opt/anaconda3/envs/ml_env/lib/python3.10/site-packages/sklearn/ensemble/_weight_boosting.py:519: FutureWarning: The SAMME.R algorithm (the default) is deprecated and will be removed in 1.6. Use the SAMME algorithm to circumvent this warning.
  warnings.warn(

2025-05-07 00:34:24,702:WARNING:/opt/anaconda3/envs/ml_env/lib/python3.10/site-packages/sklearn/ensemble/_weight_boosting.py:519: FutureWarning: The SAMME.R algorithm (the default) is deprecated and will be removed in 1.6. Use the SAMME algorithm to circumvent this warning.
  warnings.warn(

2025-05-07 00:34:24,715:WARNING:/opt/anaconda3/envs/ml_env/lib/python3.10/site-packages/sklearn/ensemble/_weight_boosting.py:519: FutureWarning: The SAMME.R algorithm (the default) is deprecated and will be removed in 1.6. Use the SAMME algorithm to circumvent this warning.
  warnings.warn(

2025-05-07 00:34:24,722:WARNING:/opt/anaconda3/envs/ml_env/lib/python3.10/site-packages/sklearn/ensemble/_weight_boosting.py:519: FutureWarning: The SAMME.R algorithm (the default) is deprecated and will be removed in 1.6. Use the SAMME algorithm to circumvent this warning.
  warnings.warn(

2025-05-07 00:34:24,726:WARNING:/opt/anaconda3/envs/ml_env/lib/python3.10/site-packages/sklearn/ensemble/_weight_boosting.py:519: FutureWarning: The SAMME.R algorithm (the default) is deprecated and will be removed in 1.6. Use the SAMME algorithm to circumvent this warning.
  warnings.warn(

2025-05-07 00:34:24,739:WARNING:/opt/anaconda3/envs/ml_env/lib/python3.10/site-packages/sklearn/ensemble/_weight_boosting.py:519: FutureWarning: The SAMME.R algorithm (the default) is deprecated and will be removed in 1.6. Use the SAMME algorithm to circumvent this warning.
  warnings.warn(

2025-05-07 00:34:24,790:WARNING:/opt/anaconda3/envs/ml_env/lib/python3.10/site-packages/sklearn/ensemble/_weight_boosting.py:519: FutureWarning: The SAMME.R algorithm (the default) is deprecated and will be removed in 1.6. Use the SAMME algorithm to circumvent this warning.
  warnings.warn(

2025-05-07 00:34:24,790:WARNING:/opt/anaconda3/envs/ml_env/lib/python3.10/site-packages/sklearn/ensemble/_weight_boosting.py:519: FutureWarning: The SAMME.R algorithm (the default) is deprecated and will be removed in 1.6. Use the SAMME algorithm to circumvent this warning.
  warnings.warn(

2025-05-07 00:34:24,886:INFO:Calculating mean and std
2025-05-07 00:34:24,887:INFO:Creating metrics dataframe
2025-05-07 00:34:24,888:INFO:Uploading results into container
2025-05-07 00:34:24,889:INFO:Uploading model into container now
2025-05-07 00:34:24,889:INFO:_master_model_container: 9
2025-05-07 00:34:24,889:INFO:_display_container: 2
2025-05-07 00:34:24,890:INFO:AdaBoostClassifier(algorithm='SAMME.R', estimator=None, learning_rate=1.0,
                   n_estimators=50, random_state=123)
2025-05-07 00:34:24,890:INFO:create_model() successfully completed......................................
2025-05-07 00:34:24,991:INFO:SubProcess create_model() end ==================================
2025-05-07 00:34:24,991:INFO:Creating metrics dataframe
2025-05-07 00:34:24,997:INFO:Initializing Gradient Boosting Classifier
2025-05-07 00:34:24,997:INFO:Total runtime is 0.17537866433461508 minutes
2025-05-07 00:34:24,999:INFO:SubProcess create_model() called ==================================
2025-05-07 00:34:24,999:INFO:Initializing create_model()
2025-05-07 00:34:25,000:INFO:create_model(self=<pycaret.classification.oop.ClassificationExperiment object at 0x108570b20>, estimator=gbc, fold=StratifiedKFold(n_splits=10, random_state=None, shuffle=False), round=4, cross_validation=True, predict=True, fit_kwargs={}, groups=None, refit=False, probability_threshold=None, experiment_custom_tags=None, verbose=False, system=False, add_to_model_list=True, metrics=None, display=<pycaret.internal.display.display.CommonDisplay object at 0x1397c8fd0>, model_only=True, return_train_score=False, error_score=0.0, kwargs={})
2025-05-07 00:34:25,000:INFO:Checking exceptions
2025-05-07 00:34:25,000:INFO:Importing libraries
2025-05-07 00:34:25,000:INFO:Copying training dataset
2025-05-07 00:34:25,003:INFO:Defining folds
2025-05-07 00:34:25,003:INFO:Declaring metric variables
2025-05-07 00:34:25,005:INFO:Importing untrained model
2025-05-07 00:34:25,007:INFO:Gradient Boosting Classifier Imported successfully
2025-05-07 00:34:25,011:INFO:Starting cross validation
2025-05-07 00:34:25,012:INFO:Cross validating with StratifiedKFold(n_splits=10, random_state=None, shuffle=False), n_jobs=-1
2025-05-07 00:34:25,424:INFO:Calculating mean and std
2025-05-07 00:34:25,425:INFO:Creating metrics dataframe
2025-05-07 00:34:25,426:INFO:Uploading results into container
2025-05-07 00:34:25,427:INFO:Uploading model into container now
2025-05-07 00:34:25,427:INFO:_master_model_container: 10
2025-05-07 00:34:25,427:INFO:_display_container: 2
2025-05-07 00:34:25,428:INFO:GradientBoostingClassifier(ccp_alpha=0.0, criterion='friedman_mse', init=None,
                           learning_rate=0.1, loss='log_loss', max_depth=3,
                           max_features=None, max_leaf_nodes=None,
                           min_impurity_decrease=0.0, min_samples_leaf=1,
                           min_samples_split=2, min_weight_fraction_leaf=0.0,
                           n_estimators=100, n_iter_no_change=None,
                           random_state=123, subsample=1.0, tol=0.0001,
                           validation_fraction=0.1, verbose=0,
                           warm_start=False)
2025-05-07 00:34:25,428:INFO:create_model() successfully completed......................................
2025-05-07 00:34:25,535:INFO:SubProcess create_model() end ==================================
2025-05-07 00:34:25,535:INFO:Creating metrics dataframe
2025-05-07 00:34:25,541:INFO:Initializing Linear Discriminant Analysis
2025-05-07 00:34:25,541:INFO:Total runtime is 0.1844421148300171 minutes
2025-05-07 00:34:25,543:INFO:SubProcess create_model() called ==================================
2025-05-07 00:34:25,544:INFO:Initializing create_model()
2025-05-07 00:34:25,544:INFO:create_model(self=<pycaret.classification.oop.ClassificationExperiment object at 0x108570b20>, estimator=lda, fold=StratifiedKFold(n_splits=10, random_state=None, shuffle=False), round=4, cross_validation=True, predict=True, fit_kwargs={}, groups=None, refit=False, probability_threshold=None, experiment_custom_tags=None, verbose=False, system=False, add_to_model_list=True, metrics=None, display=<pycaret.internal.display.display.CommonDisplay object at 0x1397c8fd0>, model_only=True, return_train_score=False, error_score=0.0, kwargs={})
2025-05-07 00:34:25,544:INFO:Checking exceptions
2025-05-07 00:34:25,544:INFO:Importing libraries
2025-05-07 00:34:25,544:INFO:Copying training dataset
2025-05-07 00:34:25,547:INFO:Defining folds
2025-05-07 00:34:25,547:INFO:Declaring metric variables
2025-05-07 00:34:25,549:INFO:Importing untrained model
2025-05-07 00:34:25,551:INFO:Linear Discriminant Analysis Imported successfully
2025-05-07 00:34:25,555:INFO:Starting cross validation
2025-05-07 00:34:25,556:INFO:Cross validating with StratifiedKFold(n_splits=10, random_state=None, shuffle=False), n_jobs=-1
2025-05-07 00:34:25,620:INFO:Calculating mean and std
2025-05-07 00:34:25,621:INFO:Creating metrics dataframe
2025-05-07 00:34:25,622:INFO:Uploading results into container
2025-05-07 00:34:25,622:INFO:Uploading model into container now
2025-05-07 00:34:25,622:INFO:_master_model_container: 11
2025-05-07 00:34:25,622:INFO:_display_container: 2
2025-05-07 00:34:25,623:INFO:LinearDiscriminantAnalysis(covariance_estimator=None, n_components=None,
                           priors=None, shrinkage=None, solver='svd',
                           store_covariance=False, tol=0.0001)
2025-05-07 00:34:25,623:INFO:create_model() successfully completed......................................
2025-05-07 00:34:25,718:INFO:SubProcess create_model() end ==================================
2025-05-07 00:34:25,718:INFO:Creating metrics dataframe
2025-05-07 00:34:25,724:INFO:Initializing Extra Trees Classifier
2025-05-07 00:34:25,724:INFO:Total runtime is 0.18749048312505087 minutes
2025-05-07 00:34:25,726:INFO:SubProcess create_model() called ==================================
2025-05-07 00:34:25,726:INFO:Initializing create_model()
2025-05-07 00:34:25,727:INFO:create_model(self=<pycaret.classification.oop.ClassificationExperiment object at 0x108570b20>, estimator=et, fold=StratifiedKFold(n_splits=10, random_state=None, shuffle=False), round=4, cross_validation=True, predict=True, fit_kwargs={}, groups=None, refit=False, probability_threshold=None, experiment_custom_tags=None, verbose=False, system=False, add_to_model_list=True, metrics=None, display=<pycaret.internal.display.display.CommonDisplay object at 0x1397c8fd0>, model_only=True, return_train_score=False, error_score=0.0, kwargs={})
2025-05-07 00:34:25,727:INFO:Checking exceptions
2025-05-07 00:34:25,727:INFO:Importing libraries
2025-05-07 00:34:25,727:INFO:Copying training dataset
2025-05-07 00:34:25,730:INFO:Defining folds
2025-05-07 00:34:25,730:INFO:Declaring metric variables
2025-05-07 00:34:25,732:INFO:Importing untrained model
2025-05-07 00:34:25,735:INFO:Extra Trees Classifier Imported successfully
2025-05-07 00:34:25,738:INFO:Starting cross validation
2025-05-07 00:34:25,739:INFO:Cross validating with StratifiedKFold(n_splits=10, random_state=None, shuffle=False), n_jobs=-1
2025-05-07 00:34:26,152:INFO:Calculating mean and std
2025-05-07 00:34:26,153:INFO:Creating metrics dataframe
2025-05-07 00:34:26,155:INFO:Uploading results into container
2025-05-07 00:34:26,155:INFO:Uploading model into container now
2025-05-07 00:34:26,156:INFO:_master_model_container: 12
2025-05-07 00:34:26,156:INFO:_display_container: 2
2025-05-07 00:34:26,157:INFO:ExtraTreesClassifier(bootstrap=False, ccp_alpha=0.0, class_weight=None,
                     criterion='gini', max_depth=None, max_features='sqrt',
                     max_leaf_nodes=None, max_samples=None,
                     min_impurity_decrease=0.0, min_samples_leaf=1,
                     min_samples_split=2, min_weight_fraction_leaf=0.0,
                     monotonic_cst=None, n_estimators=100, n_jobs=-1,
                     oob_score=False, random_state=123, verbose=0,
                     warm_start=False)
2025-05-07 00:34:26,157:INFO:create_model() successfully completed......................................
2025-05-07 00:34:26,269:INFO:SubProcess create_model() end ==================================
2025-05-07 00:34:26,269:INFO:Creating metrics dataframe
2025-05-07 00:34:26,276:INFO:Initializing Extreme Gradient Boosting
2025-05-07 00:34:26,276:INFO:Total runtime is 0.19668682813644411 minutes
2025-05-07 00:34:26,278:INFO:SubProcess create_model() called ==================================
2025-05-07 00:34:26,278:INFO:Initializing create_model()
2025-05-07 00:34:26,278:INFO:create_model(self=<pycaret.classification.oop.ClassificationExperiment object at 0x108570b20>, estimator=xgboost, fold=StratifiedKFold(n_splits=10, random_state=None, shuffle=False), round=4, cross_validation=True, predict=True, fit_kwargs={}, groups=None, refit=False, probability_threshold=None, experiment_custom_tags=None, verbose=False, system=False, add_to_model_list=True, metrics=None, display=<pycaret.internal.display.display.CommonDisplay object at 0x1397c8fd0>, model_only=True, return_train_score=False, error_score=0.0, kwargs={})
2025-05-07 00:34:26,278:INFO:Checking exceptions
2025-05-07 00:34:26,278:INFO:Importing libraries
2025-05-07 00:34:26,279:INFO:Copying training dataset
2025-05-07 00:34:26,282:INFO:Defining folds
2025-05-07 00:34:26,282:INFO:Declaring metric variables
2025-05-07 00:34:26,284:INFO:Importing untrained model
2025-05-07 00:34:26,286:INFO:Extreme Gradient Boosting Imported successfully
2025-05-07 00:34:26,290:INFO:Starting cross validation
2025-05-07 00:34:26,291:INFO:Cross validating with StratifiedKFold(n_splits=10, random_state=None, shuffle=False), n_jobs=-1
2025-05-07 00:34:26,498:INFO:Calculating mean and std
2025-05-07 00:34:26,499:INFO:Creating metrics dataframe
2025-05-07 00:34:26,500:INFO:Uploading results into container
2025-05-07 00:34:26,500:INFO:Uploading model into container now
2025-05-07 00:34:26,501:INFO:_master_model_container: 13
2025-05-07 00:34:26,501:INFO:_display_container: 2
2025-05-07 00:34:26,501:INFO:XGBClassifier(base_score=None, booster='gbtree', callbacks=None,
              colsample_bylevel=None, colsample_bynode=None,
              colsample_bytree=None, device='cpu', early_stopping_rounds=None,
              enable_categorical=False, eval_metric=None, feature_types=None,
              feature_weights=None, gamma=None, grow_policy=None,
              importance_type=None, interaction_constraints=None,
              learning_rate=None, max_bin=None, max_cat_threshold=None,
              max_cat_to_onehot=None, max_delta_step=None, max_depth=None,
              max_leaves=None, min_child_weight=None, missing=nan,
              monotone_constraints=None, multi_strategy=None, n_estimators=None,
              n_jobs=-1, num_parallel_tree=None, ...)
2025-05-07 00:34:26,502:INFO:create_model() successfully completed......................................
2025-05-07 00:34:26,599:INFO:SubProcess create_model() end ==================================
2025-05-07 00:34:26,600:INFO:Creating metrics dataframe
2025-05-07 00:34:26,606:INFO:Initializing Light Gradient Boosting Machine
2025-05-07 00:34:26,606:INFO:Total runtime is 0.20219454367955528 minutes
2025-05-07 00:34:26,608:INFO:SubProcess create_model() called ==================================
2025-05-07 00:34:26,609:INFO:Initializing create_model()
2025-05-07 00:34:26,609:INFO:create_model(self=<pycaret.classification.oop.ClassificationExperiment object at 0x108570b20>, estimator=lightgbm, fold=StratifiedKFold(n_splits=10, random_state=None, shuffle=False), round=4, cross_validation=True, predict=True, fit_kwargs={}, groups=None, refit=False, probability_threshold=None, experiment_custom_tags=None, verbose=False, system=False, add_to_model_list=True, metrics=None, display=<pycaret.internal.display.display.CommonDisplay object at 0x1397c8fd0>, model_only=True, return_train_score=False, error_score=0.0, kwargs={})
2025-05-07 00:34:26,609:INFO:Checking exceptions
2025-05-07 00:34:26,609:INFO:Importing libraries
2025-05-07 00:34:26,609:INFO:Copying training dataset
2025-05-07 00:34:26,612:INFO:Defining folds
2025-05-07 00:34:26,613:INFO:Declaring metric variables
2025-05-07 00:34:26,615:INFO:Importing untrained model
2025-05-07 00:34:26,618:INFO:Light Gradient Boosting Machine Imported successfully
2025-05-07 00:34:26,622:INFO:Starting cross validation
2025-05-07 00:34:26,622:INFO:Cross validating with StratifiedKFold(n_splits=10, random_state=None, shuffle=False), n_jobs=-1
2025-05-07 00:34:28,892:INFO:Calculating mean and std
2025-05-07 00:34:28,896:INFO:Creating metrics dataframe
2025-05-07 00:34:28,901:INFO:Uploading results into container
2025-05-07 00:34:28,907:INFO:Uploading model into container now
2025-05-07 00:34:28,908:INFO:_master_model_container: 14
2025-05-07 00:34:28,908:INFO:_display_container: 2
2025-05-07 00:34:28,910:INFO:LGBMClassifier(boosting_type='gbdt', class_weight=None, colsample_bytree=1.0,
               importance_type='split', learning_rate=0.1, max_depth=-1,
               min_child_samples=20, min_child_weight=0.001, min_split_gain=0.0,
               n_estimators=100, n_jobs=-1, num_leaves=31, objective=None,
               random_state=123, reg_alpha=0.0, reg_lambda=0.0, subsample=1.0,
               subsample_for_bin=200000, subsample_freq=0)
2025-05-07 00:34:28,911:INFO:create_model() successfully completed......................................
2025-05-07 00:34:29,161:INFO:SubProcess create_model() end ==================================
2025-05-07 00:34:29,161:INFO:Creating metrics dataframe
2025-05-07 00:34:29,168:INFO:Initializing CatBoost Classifier
2025-05-07 00:34:29,168:INFO:Total runtime is 0.24489158391952517 minutes
2025-05-07 00:34:29,171:INFO:SubProcess create_model() called ==================================
2025-05-07 00:34:29,171:INFO:Initializing create_model()
2025-05-07 00:34:29,171:INFO:create_model(self=<pycaret.classification.oop.ClassificationExperiment object at 0x108570b20>, estimator=catboost, fold=StratifiedKFold(n_splits=10, random_state=None, shuffle=False), round=4, cross_validation=True, predict=True, fit_kwargs={}, groups=None, refit=False, probability_threshold=None, experiment_custom_tags=None, verbose=False, system=False, add_to_model_list=True, metrics=None, display=<pycaret.internal.display.display.CommonDisplay object at 0x1397c8fd0>, model_only=True, return_train_score=False, error_score=0.0, kwargs={})
2025-05-07 00:34:29,171:INFO:Checking exceptions
2025-05-07 00:34:29,171:INFO:Importing libraries
2025-05-07 00:34:29,172:INFO:Copying training dataset
2025-05-07 00:34:29,174:INFO:Defining folds
2025-05-07 00:34:29,174:INFO:Declaring metric variables
2025-05-07 00:34:29,177:INFO:Importing untrained model
2025-05-07 00:34:29,179:INFO:CatBoost Classifier Imported successfully
2025-05-07 00:34:29,183:INFO:Starting cross validation
2025-05-07 00:34:29,183:INFO:Cross validating with StratifiedKFold(n_splits=10, random_state=None, shuffle=False), n_jobs=-1
2025-05-07 00:34:35,511:INFO:Calculating mean and std
2025-05-07 00:34:35,515:INFO:Creating metrics dataframe
2025-05-07 00:34:35,521:INFO:Uploading results into container
2025-05-07 00:34:35,522:INFO:Uploading model into container now
2025-05-07 00:34:35,523:INFO:_master_model_container: 15
2025-05-07 00:34:35,523:INFO:_display_container: 2
2025-05-07 00:34:35,523:INFO:<catboost.core.CatBoostClassifier object at 0x313197640>
2025-05-07 00:34:35,523:INFO:create_model() successfully completed......................................
2025-05-07 00:34:35,763:INFO:SubProcess create_model() end ==================================
2025-05-07 00:34:35,764:INFO:Creating metrics dataframe
2025-05-07 00:34:35,776:INFO:Initializing Dummy Classifier
2025-05-07 00:34:35,776:INFO:Total runtime is 0.3550206780433655 minutes
2025-05-07 00:34:35,780:INFO:SubProcess create_model() called ==================================
2025-05-07 00:34:35,781:INFO:Initializing create_model()
2025-05-07 00:34:35,781:INFO:create_model(self=<pycaret.classification.oop.ClassificationExperiment object at 0x108570b20>, estimator=dummy, fold=StratifiedKFold(n_splits=10, random_state=None, shuffle=False), round=4, cross_validation=True, predict=True, fit_kwargs={}, groups=None, refit=False, probability_threshold=None, experiment_custom_tags=None, verbose=False, system=False, add_to_model_list=True, metrics=None, display=<pycaret.internal.display.display.CommonDisplay object at 0x1397c8fd0>, model_only=True, return_train_score=False, error_score=0.0, kwargs={})
2025-05-07 00:34:35,781:INFO:Checking exceptions
2025-05-07 00:34:35,781:INFO:Importing libraries
2025-05-07 00:34:35,782:INFO:Copying training dataset
2025-05-07 00:34:35,787:INFO:Defining folds
2025-05-07 00:34:35,787:INFO:Declaring metric variables
2025-05-07 00:34:35,791:INFO:Importing untrained model
2025-05-07 00:34:35,796:INFO:Dummy Classifier Imported successfully
2025-05-07 00:34:35,804:INFO:Starting cross validation
2025-05-07 00:34:35,805:INFO:Cross validating with StratifiedKFold(n_splits=10, random_state=None, shuffle=False), n_jobs=-1
2025-05-07 00:34:35,863:WARNING:/opt/anaconda3/envs/ml_env/lib/python3.10/site-packages/sklearn/metrics/_classification.py:1509: UndefinedMetricWarning: Precision is ill-defined and being set to 0.0 due to no predicted samples. Use `zero_division` parameter to control this behavior.
  _warn_prf(average, modifier, f"{metric.capitalize()} is", len(result))

2025-05-07 00:34:35,881:WARNING:/opt/anaconda3/envs/ml_env/lib/python3.10/site-packages/sklearn/metrics/_classification.py:1509: UndefinedMetricWarning: Precision is ill-defined and being set to 0.0 due to no predicted samples. Use `zero_division` parameter to control this behavior.
  _warn_prf(average, modifier, f"{metric.capitalize()} is", len(result))

2025-05-07 00:34:35,885:WARNING:/opt/anaconda3/envs/ml_env/lib/python3.10/site-packages/sklearn/metrics/_classification.py:1509: UndefinedMetricWarning: Precision is ill-defined and being set to 0.0 due to no predicted samples. Use `zero_division` parameter to control this behavior.
  _warn_prf(average, modifier, f"{metric.capitalize()} is", len(result))

2025-05-07 00:34:35,888:WARNING:/opt/anaconda3/envs/ml_env/lib/python3.10/site-packages/sklearn/metrics/_classification.py:1509: UndefinedMetricWarning: Precision is ill-defined and being set to 0.0 due to no predicted samples. Use `zero_division` parameter to control this behavior.
  _warn_prf(average, modifier, f"{metric.capitalize()} is", len(result))

2025-05-07 00:34:35,898:WARNING:/opt/anaconda3/envs/ml_env/lib/python3.10/site-packages/sklearn/metrics/_classification.py:1509: UndefinedMetricWarning: Precision is ill-defined and being set to 0.0 due to no predicted samples. Use `zero_division` parameter to control this behavior.
  _warn_prf(average, modifier, f"{metric.capitalize()} is", len(result))

2025-05-07 00:34:35,900:WARNING:/opt/anaconda3/envs/ml_env/lib/python3.10/site-packages/sklearn/metrics/_classification.py:1509: UndefinedMetricWarning: Precision is ill-defined and being set to 0.0 due to no predicted samples. Use `zero_division` parameter to control this behavior.
  _warn_prf(average, modifier, f"{metric.capitalize()} is", len(result))

2025-05-07 00:34:35,901:WARNING:/opt/anaconda3/envs/ml_env/lib/python3.10/site-packages/sklearn/metrics/_classification.py:1509: UndefinedMetricWarning: Precision is ill-defined and being set to 0.0 due to no predicted samples. Use `zero_division` parameter to control this behavior.
  _warn_prf(average, modifier, f"{metric.capitalize()} is", len(result))

2025-05-07 00:34:35,911:WARNING:/opt/anaconda3/envs/ml_env/lib/python3.10/site-packages/sklearn/metrics/_classification.py:1509: UndefinedMetricWarning: Precision is ill-defined and being set to 0.0 due to no predicted samples. Use `zero_division` parameter to control this behavior.
  _warn_prf(average, modifier, f"{metric.capitalize()} is", len(result))

2025-05-07 00:34:35,912:WARNING:/opt/anaconda3/envs/ml_env/lib/python3.10/site-packages/sklearn/metrics/_classification.py:1509: UndefinedMetricWarning: Precision is ill-defined and being set to 0.0 due to no predicted samples. Use `zero_division` parameter to control this behavior.
  _warn_prf(average, modifier, f"{metric.capitalize()} is", len(result))

2025-05-07 00:34:35,923:WARNING:/opt/anaconda3/envs/ml_env/lib/python3.10/site-packages/sklearn/metrics/_classification.py:1509: UndefinedMetricWarning: Precision is ill-defined and being set to 0.0 due to no predicted samples. Use `zero_division` parameter to control this behavior.
  _warn_prf(average, modifier, f"{metric.capitalize()} is", len(result))

2025-05-07 00:34:35,942:INFO:Calculating mean and std
2025-05-07 00:34:35,944:INFO:Creating metrics dataframe
2025-05-07 00:34:35,946:INFO:Uploading results into container
2025-05-07 00:34:35,947:INFO:Uploading model into container now
2025-05-07 00:34:35,948:INFO:_master_model_container: 16
2025-05-07 00:34:35,948:INFO:_display_container: 2
2025-05-07 00:34:35,949:INFO:DummyClassifier(constant=None, random_state=123, strategy='prior')
2025-05-07 00:34:35,949:INFO:create_model() successfully completed......................................
2025-05-07 00:34:36,090:INFO:SubProcess create_model() end ==================================
2025-05-07 00:34:36,090:INFO:Creating metrics dataframe
2025-05-07 00:34:36,102:WARNING:/opt/anaconda3/envs/ml_env/lib/python3.10/site-packages/pycaret/internal/pycaret_experiment/supervised_experiment.py:323: FutureWarning: Styler.applymap has been deprecated. Use Styler.map instead.
  master_display_.apply(

2025-05-07 00:34:36,110:INFO:Initializing create_model()
2025-05-07 00:34:36,111:INFO:create_model(self=<pycaret.classification.oop.ClassificationExperiment object at 0x108570b20>, estimator=LogisticRegression(C=1.0, class_weight=None, dual=False, fit_intercept=True,
                   intercept_scaling=1, l1_ratio=None, max_iter=1000,
                   multi_class='auto', n_jobs=None, penalty='l2',
                   random_state=123, solver='lbfgs', tol=0.0001, verbose=0,
                   warm_start=False), fold=StratifiedKFold(n_splits=10, random_state=None, shuffle=False), round=4, cross_validation=False, predict=False, fit_kwargs={}, groups=None, refit=True, probability_threshold=None, experiment_custom_tags=None, verbose=False, system=False, add_to_model_list=True, metrics=None, display=None, model_only=True, return_train_score=False, error_score=0.0, kwargs={})
2025-05-07 00:34:36,111:INFO:Checking exceptions
2025-05-07 00:34:36,113:INFO:Importing libraries
2025-05-07 00:34:36,113:INFO:Copying training dataset
2025-05-07 00:34:36,117:INFO:Defining folds
2025-05-07 00:34:36,117:INFO:Declaring metric variables
2025-05-07 00:34:36,117:INFO:Importing untrained model
2025-05-07 00:34:36,117:INFO:Declaring custom model
2025-05-07 00:34:36,118:INFO:Logistic Regression Imported successfully
2025-05-07 00:34:36,119:INFO:Cross validation set to False
2025-05-07 00:34:36,119:INFO:Fitting Model
2025-05-07 00:34:36,139:INFO:LogisticRegression(C=1.0, class_weight=None, dual=False, fit_intercept=True,
                   intercept_scaling=1, l1_ratio=None, max_iter=1000,
                   multi_class='auto', n_jobs=None, penalty='l2',
                   random_state=123, solver='lbfgs', tol=0.0001, verbose=0,
                   warm_start=False)
2025-05-07 00:34:36,139:INFO:create_model() successfully completed......................................
2025-05-07 00:34:36,288:INFO:_master_model_container: 16
2025-05-07 00:34:36,288:INFO:_display_container: 2
2025-05-07 00:34:36,289:INFO:LogisticRegression(C=1.0, class_weight=None, dual=False, fit_intercept=True,
                   intercept_scaling=1, l1_ratio=None, max_iter=1000,
                   multi_class='auto', n_jobs=None, penalty='l2',
                   random_state=123, solver='lbfgs', tol=0.0001, verbose=0,
                   warm_start=False)
2025-05-07 00:34:36,289:INFO:compare_models() successfully completed......................................
2025-05-07 00:34:36,314:INFO:Initializing evaluate_model()
2025-05-07 00:34:36,315:INFO:evaluate_model(self=<pycaret.classification.oop.ClassificationExperiment object at 0x108570b20>, estimator=LogisticRegression(C=1.0, class_weight=None, dual=False, fit_intercept=True,
                   intercept_scaling=1, l1_ratio=None, max_iter=1000,
                   multi_class='auto', n_jobs=None, penalty='l2',
                   random_state=123, solver='lbfgs', tol=0.0001, verbose=0,
                   warm_start=False), fold=None, fit_kwargs=None, plot_kwargs=None, feature_name=None, groups=None)
2025-05-07 00:34:36,405:INFO:Initializing plot_model()
2025-05-07 00:34:36,405:INFO:plot_model(plot=pipeline, fold=StratifiedKFold(n_splits=10, random_state=None, shuffle=False), verbose=False, display=None, display_format=None, estimator=LogisticRegression(C=1.0, class_weight=None, dual=False, fit_intercept=True,
                   intercept_scaling=1, l1_ratio=None, max_iter=1000,
                   multi_class='auto', n_jobs=None, penalty='l2',
                   random_state=123, solver='lbfgs', tol=0.0001, verbose=0,
                   warm_start=False), feature_name=None, fit_kwargs={}, groups=None, label=False, plot_kwargs=None, save=False, scale=1, self=<pycaret.classification.oop.ClassificationExperiment object at 0x108570b20>, system=True)
2025-05-07 00:34:36,405:INFO:Checking exceptions
2025-05-07 00:34:36,419:INFO:Preloading libraries
2025-05-07 00:34:36,419:INFO:Copying training dataset
2025-05-07 00:34:36,419:INFO:Plot type: pipeline
2025-05-07 00:34:36,675:INFO:Visual Rendered Successfully
2025-05-07 00:34:36,942:INFO:plot_model() successfully completed......................................
2025-05-07 00:34:36,959:INFO:Initializing predict_model()
2025-05-07 00:34:36,959:INFO:predict_model(self=<pycaret.classification.oop.ClassificationExperiment object at 0x108570b20>, estimator=LogisticRegression(C=1.0, class_weight=None, dual=False, fit_intercept=True,
                   intercept_scaling=1, l1_ratio=None, max_iter=1000,
                   multi_class='auto', n_jobs=None, penalty='l2',
                   random_state=123, solver='lbfgs', tol=0.0001, verbose=0,
                   warm_start=False), probability_threshold=None, encoded_labels=False, raw_score=False, round=4, verbose=True, ml_usecase=None, preprocess=True, encode_labels=<function _SupervisedExperiment.predict_model.<locals>.encode_labels at 0x30e8abc70>)
2025-05-07 00:34:36,960:INFO:Checking exceptions
2025-05-07 00:34:36,960:INFO:Preloading libraries
2025-05-07 00:34:37,172:INFO:Initializing predict_model()
2025-05-07 00:34:37,172:INFO:predict_model(self=<pycaret.classification.oop.ClassificationExperiment object at 0x108570b20>, estimator=LogisticRegression(C=1.0, class_weight=None, dual=False, fit_intercept=True,
                   intercept_scaling=1, l1_ratio=None, max_iter=1000,
                   multi_class='auto', n_jobs=None, penalty='l2',
                   random_state=123, solver='lbfgs', tol=0.0001, verbose=0,
                   warm_start=False), probability_threshold=None, encoded_labels=False, raw_score=False, round=4, verbose=True, ml_usecase=None, preprocess=True, encode_labels=<function _SupervisedExperiment.predict_model.<locals>.encode_labels at 0x30e8abeb0>)
2025-05-07 00:34:37,172:INFO:Checking exceptions
2025-05-07 00:34:37,173:INFO:Preloading libraries
2025-05-07 00:34:37,206:INFO:Set up data.
2025-05-07 00:34:37,213:INFO:Set up index.
2025-05-07 00:34:37,423:INFO:Initializing predict_model()
2025-05-07 00:34:37,424:INFO:predict_model(self=<pycaret.classification.oop.ClassificationExperiment object at 0x108570b20>, estimator=LogisticRegression(C=1.0, class_weight=None, dual=False, fit_intercept=True,
                   intercept_scaling=1, l1_ratio=None, max_iter=1000,
                   multi_class='auto', n_jobs=None, penalty='l2',
                   random_state=123, solver='lbfgs', tol=0.0001, verbose=0,
                   warm_start=False), probability_threshold=None, encoded_labels=False, raw_score=True, round=4, verbose=True, ml_usecase=None, preprocess=True, encode_labels=<function _SupervisedExperiment.predict_model.<locals>.encode_labels at 0x30e8ab370>)
2025-05-07 00:34:37,424:INFO:Checking exceptions
2025-05-07 00:34:37,424:INFO:Preloading libraries
2025-05-07 00:34:37,428:INFO:Set up data.
2025-05-07 00:34:37,436:INFO:Set up index.
2025-05-07 00:34:37,681:INFO:Initializing save_model()
2025-05-07 00:34:37,682:INFO:save_model(model=LogisticRegression(C=1.0, class_weight=None, dual=False, fit_intercept=True,
                   intercept_scaling=1, l1_ratio=None, max_iter=1000,
                   multi_class='auto', n_jobs=None, penalty='l2',
                   random_state=123, solver='lbfgs', tol=0.0001, verbose=0,
                   warm_start=False), model_name=best_model, prep_pipe_=Pipeline(memory=FastMemory(location=/var/folders/ty/th__2_pn1js9hzn2y7l830wr0000gn/T/joblib),
         steps=[('numerical_imputer',
                 TransformerWrapper(exclude=None,
                                    include=['Number of times pregnant',
                                             'Plasma glucose concentration a 2 '
                                             'hours in an oral glucose '
                                             'tolerance test',
                                             'Diastolic blood pressure (mm Hg)',
                                             'Triceps skin fold thickness (mm)',
                                             '2-Hour serum insulin (mu U/ml)',
                                             'Body...
                ('categorical_imputer',
                 TransformerWrapper(exclude=None, include=[],
                                    transformer=SimpleImputer(add_indicator=False,
                                                              copy=True,
                                                              fill_value=None,
                                                              keep_empty_features=False,
                                                              missing_values=nan,
                                                              strategy='most_frequent'))),
                ('clean_column_names',
                 TransformerWrapper(exclude=None, include=None,
                                    transformer=CleanColumnNames(match='[\\]\\[\\,\\{\\}\\"\\:]+')))],
         verbose=False), verbose=True, use_case=MLUsecase.CLASSIFICATION, kwargs={})
2025-05-07 00:34:37,682:INFO:Adding model into prep_pipe
2025-05-07 00:34:37,687:INFO:best_model.pkl saved in current working directory
2025-05-07 00:34:37,692:INFO:Pipeline(memory=Memory(location=None),
         steps=[('numerical_imputer',
                 TransformerWrapper(exclude=None,
                                    include=['Number of times pregnant',
                                             'Plasma glucose concentration a 2 '
                                             'hours in an oral glucose '
                                             'tolerance test',
                                             'Diastolic blood pressure (mm Hg)',
                                             'Triceps skin fold thickness (mm)',
                                             '2-Hour serum insulin (mu U/ml)',
                                             'Body mass index (weight in '
                                             'kg/(height in m)^2)',
                                             'Diabetes pedigre...
                 TransformerWrapper(exclude=None, include=None,
                                    transformer=CleanColumnNames(match='[\\]\\[\\,\\{\\}\\"\\:]+'))),
                ('trained_model',
                 LogisticRegression(C=1.0, class_weight=None, dual=False,
                                    fit_intercept=True, intercept_scaling=1,
                                    l1_ratio=None, max_iter=1000,
                                    multi_class='auto', n_jobs=None,
                                    penalty='l2', random_state=123,
                                    solver='lbfgs', tol=0.0001, verbose=0,
                                    warm_start=False))],
         verbose=False)
2025-05-07 00:34:37,692:INFO:save_model() successfully completed......................................
2025-05-07 00:34:37,880:INFO:Initializing load_model()
2025-05-07 00:34:37,881:INFO:load_model(model_name=best_model, platform=None, authentication=None, verbose=True)
2025-05-07 00:34:49,176:INFO:Initializing plot_model()
2025-05-07 00:34:49,177:INFO:plot_model(plot=parameter, fold=StratifiedKFold(n_splits=10, random_state=None, shuffle=False), verbose=False, display=None, display_format=None, estimator=LogisticRegression(C=1.0, class_weight=None, dual=False, fit_intercept=True,
                   intercept_scaling=1, l1_ratio=None, max_iter=1000,
                   multi_class='auto', n_jobs=None, penalty='l2',
                   random_state=123, solver='lbfgs', tol=0.0001, verbose=0,
                   warm_start=False), feature_name=None, fit_kwargs={}, groups=None, label=False, plot_kwargs=None, save=False, scale=1, self=<pycaret.classification.oop.ClassificationExperiment object at 0x108570b20>, system=True)
2025-05-07 00:34:49,178:INFO:Checking exceptions
2025-05-07 00:34:49,187:INFO:Preloading libraries
2025-05-07 00:34:49,209:INFO:Copying training dataset
2025-05-07 00:34:49,211:INFO:Plot type: parameter
2025-05-07 00:34:49,217:INFO:Visual Rendered Successfully
2025-05-07 00:34:49,416:INFO:plot_model() successfully completed......................................
2025-05-07 00:34:50,176:INFO:Initializing plot_model()
2025-05-07 00:34:50,177:INFO:plot_model(plot=auc, fold=StratifiedKFold(n_splits=10, random_state=None, shuffle=False), verbose=False, display=None, display_format=None, estimator=LogisticRegression(C=1.0, class_weight=None, dual=False, fit_intercept=True,
                   intercept_scaling=1, l1_ratio=None, max_iter=1000,
                   multi_class='auto', n_jobs=None, penalty='l2',
                   random_state=123, solver='lbfgs', tol=0.0001, verbose=0,
                   warm_start=False), feature_name=None, fit_kwargs={}, groups=None, label=False, plot_kwargs=None, save=False, scale=1, self=<pycaret.classification.oop.ClassificationExperiment object at 0x108570b20>, system=True)
2025-05-07 00:34:50,177:INFO:Checking exceptions
2025-05-07 00:34:50,181:INFO:Preloading libraries
2025-05-07 00:34:50,181:INFO:Copying training dataset
2025-05-07 00:34:50,181:INFO:Plot type: auc
2025-05-07 00:34:50,230:INFO:Fitting Model
2025-05-07 00:34:50,231:WARNING:/opt/anaconda3/envs/ml_env/lib/python3.10/site-packages/sklearn/base.py:493: UserWarning: X does not have valid feature names, but LogisticRegression was fitted with feature names
  warnings.warn(

2025-05-07 00:34:50,231:INFO:Scoring test/hold-out set
2025-05-07 00:34:50,367:INFO:Visual Rendered Successfully
2025-05-07 00:34:50,459:INFO:plot_model() successfully completed......................................
2025-05-07 00:34:51,187:INFO:Initializing plot_model()
2025-05-07 00:34:51,188:INFO:plot_model(plot=confusion_matrix, fold=StratifiedKFold(n_splits=10, random_state=None, shuffle=False), verbose=False, display=None, display_format=None, estimator=LogisticRegression(C=1.0, class_weight=None, dual=False, fit_intercept=True,
                   intercept_scaling=1, l1_ratio=None, max_iter=1000,
                   multi_class='auto', n_jobs=None, penalty='l2',
                   random_state=123, solver='lbfgs', tol=0.0001, verbose=0,
                   warm_start=False), feature_name=None, fit_kwargs={}, groups=None, label=False, plot_kwargs=None, save=False, scale=1, self=<pycaret.classification.oop.ClassificationExperiment object at 0x108570b20>, system=True)
2025-05-07 00:34:51,188:INFO:Checking exceptions
2025-05-07 00:34:51,192:INFO:Preloading libraries
2025-05-07 00:34:51,192:INFO:Copying training dataset
2025-05-07 00:34:51,192:INFO:Plot type: confusion_matrix
2025-05-07 00:34:51,235:INFO:Fitting Model
2025-05-07 00:34:51,235:WARNING:/opt/anaconda3/envs/ml_env/lib/python3.10/site-packages/sklearn/base.py:493: UserWarning: X does not have valid feature names, but LogisticRegression was fitted with feature names
  warnings.warn(

2025-05-07 00:34:51,236:INFO:Scoring test/hold-out set
2025-05-07 00:34:51,316:INFO:Visual Rendered Successfully
2025-05-07 00:34:51,420:INFO:plot_model() successfully completed......................................
2025-05-07 00:34:51,963:INFO:Initializing plot_model()
2025-05-07 00:34:51,963:INFO:plot_model(plot=manifold, fold=StratifiedKFold(n_splits=10, random_state=None, shuffle=False), verbose=False, display=None, display_format=None, estimator=LogisticRegression(C=1.0, class_weight=None, dual=False, fit_intercept=True,
                   intercept_scaling=1, l1_ratio=None, max_iter=1000,
                   multi_class='auto', n_jobs=None, penalty='l2',
                   random_state=123, solver='lbfgs', tol=0.0001, verbose=0,
                   warm_start=False), feature_name=None, fit_kwargs={}, groups=None, label=False, plot_kwargs=None, save=False, scale=1, self=<pycaret.classification.oop.ClassificationExperiment object at 0x108570b20>, system=True)
2025-05-07 00:34:51,963:INFO:Checking exceptions
2025-05-07 00:34:51,966:INFO:Preloading libraries
2025-05-07 00:34:51,966:INFO:Copying training dataset
2025-05-07 00:34:51,966:INFO:Plot type: manifold
2025-05-07 00:34:52,039:INFO:Fitting & Transforming Model
2025-05-07 00:34:54,098:INFO:Visual Rendered Successfully
2025-05-07 00:34:54,280:INFO:plot_model() successfully completed......................................
2025-05-07 00:34:54,298:INFO:Initializing plot_model()
2025-05-07 00:34:54,298:INFO:plot_model(plot=learning, fold=StratifiedKFold(n_splits=10, random_state=None, shuffle=False), verbose=False, display=None, display_format=None, estimator=LogisticRegression(C=1.0, class_weight=None, dual=False, fit_intercept=True,
                   intercept_scaling=1, l1_ratio=None, max_iter=1000,
                   multi_class='auto', n_jobs=None, penalty='l2',
                   random_state=123, solver='lbfgs', tol=0.0001, verbose=0,
                   warm_start=False), feature_name=None, fit_kwargs={}, groups=None, label=False, plot_kwargs=None, save=False, scale=1, self=<pycaret.classification.oop.ClassificationExperiment object at 0x108570b20>, system=True)
2025-05-07 00:34:54,298:INFO:Checking exceptions
2025-05-07 00:34:54,300:INFO:Preloading libraries
2025-05-07 00:34:54,301:INFO:Copying training dataset
2025-05-07 00:34:54,301:INFO:Plot type: learning
2025-05-07 00:34:54,345:INFO:Fitting Model
2025-05-07 00:34:55,640:INFO:Visual Rendered Successfully
2025-05-07 00:34:55,797:INFO:plot_model() successfully completed......................................
2025-05-07 00:34:55,821:INFO:Initializing plot_model()
2025-05-07 00:34:55,821:INFO:plot_model(plot=rfe, fold=StratifiedKFold(n_splits=10, random_state=None, shuffle=False), verbose=False, display=None, display_format=None, estimator=LogisticRegression(C=1.0, class_weight=None, dual=False, fit_intercept=True,
                   intercept_scaling=1, l1_ratio=None, max_iter=1000,
                   multi_class='auto', n_jobs=None, penalty='l2',
                   random_state=123, solver='lbfgs', tol=0.0001, verbose=0,
                   warm_start=False), feature_name=None, fit_kwargs={}, groups=None, label=False, plot_kwargs=None, save=False, scale=1, self=<pycaret.classification.oop.ClassificationExperiment object at 0x108570b20>, system=True)
2025-05-07 00:34:55,821:INFO:Checking exceptions
2025-05-07 00:34:55,824:INFO:Preloading libraries
2025-05-07 00:34:55,824:INFO:Copying training dataset
2025-05-07 00:34:55,825:INFO:Plot type: rfe
2025-05-07 00:34:55,867:INFO:Fitting Model
2025-05-07 00:34:58,236:INFO:Visual Rendered Successfully
2025-05-07 00:34:58,343:INFO:plot_model() successfully completed......................................
2025-05-07 00:35:00,123:INFO:Initializing plot_model()
2025-05-07 00:35:00,123:INFO:plot_model(plot=feature_all, fold=StratifiedKFold(n_splits=10, random_state=None, shuffle=False), verbose=False, display=None, display_format=None, estimator=LogisticRegression(C=1.0, class_weight=None, dual=False, fit_intercept=True,
                   intercept_scaling=1, l1_ratio=None, max_iter=1000,
                   multi_class='auto', n_jobs=None, penalty='l2',
                   random_state=123, solver='lbfgs', tol=0.0001, verbose=0,
                   warm_start=False), feature_name=None, fit_kwargs={}, groups=None, label=False, plot_kwargs=None, save=False, scale=1, self=<pycaret.classification.oop.ClassificationExperiment object at 0x108570b20>, system=True)
2025-05-07 00:35:00,123:INFO:Checking exceptions
2025-05-07 00:35:00,128:INFO:Preloading libraries
2025-05-07 00:35:00,128:INFO:Copying training dataset
2025-05-07 00:35:00,128:INFO:Plot type: feature_all
2025-05-07 00:35:00,251:WARNING:/opt/anaconda3/envs/ml_env/lib/python3.10/site-packages/matplotlib/_tight_bbox.py:67: RuntimeWarning: divide by zero encountered in scalar divide
  fig.patch.set_bounds(x0 / w1, y0 / h1,

2025-05-07 00:35:00,251:WARNING:/opt/anaconda3/envs/ml_env/lib/python3.10/site-packages/matplotlib/_tight_bbox.py:68: RuntimeWarning: divide by zero encountered in scalar divide
  fig.bbox.width / w1, fig.bbox.height / h1)

2025-05-07 00:35:00,253:WARNING:/opt/anaconda3/envs/ml_env/lib/python3.10/site-packages/matplotlib/patches.py:739: RuntimeWarning: invalid value encountered in scalar add
  y1 = self.convert_yunits(self._y0 + self._height)

2025-05-07 00:35:00,255:WARNING:/opt/anaconda3/envs/ml_env/lib/python3.10/site-packages/matplotlib/transforms.py:2050: RuntimeWarning: invalid value encountered in scalar add
  self._mtx[1, 2] += ty

2025-05-07 00:35:00,284:INFO:Visual Rendered Successfully
2025-05-07 00:35:00,392:INFO:plot_model() successfully completed......................................
2025-05-07 00:35:03,148:INFO:Initializing plot_model()
2025-05-07 00:35:03,149:INFO:plot_model(plot=feature, fold=StratifiedKFold(n_splits=10, random_state=None, shuffle=False), verbose=False, display=None, display_format=None, estimator=LogisticRegression(C=1.0, class_weight=None, dual=False, fit_intercept=True,
                   intercept_scaling=1, l1_ratio=None, max_iter=1000,
                   multi_class='auto', n_jobs=None, penalty='l2',
                   random_state=123, solver='lbfgs', tol=0.0001, verbose=0,
                   warm_start=False), feature_name=None, fit_kwargs={}, groups=None, label=False, plot_kwargs=None, save=False, scale=1, self=<pycaret.classification.oop.ClassificationExperiment object at 0x108570b20>, system=True)
2025-05-07 00:35:03,149:INFO:Checking exceptions
2025-05-07 00:35:03,156:INFO:Preloading libraries
2025-05-07 00:35:03,157:INFO:Copying training dataset
2025-05-07 00:35:03,157:INFO:Plot type: feature
2025-05-07 00:35:03,290:INFO:Visual Rendered Successfully
2025-05-07 00:35:03,501:INFO:plot_model() successfully completed......................................
